ean_max_load_factor; 1.06
ean_prop_activities; 9448
ean_prop_activities_change; 5780
ean_prop_activities_drive; 1608
ean_prop_activities_feas; 3668
ean_prop_activities_headway; 0
ean_prop_activities_objective; 4651
ean_prop_activities_od; 3926
ean_prop_activities_od_change; 983
ean_prop_activities_od_drive; 1513
ean_prop_activities_od_wait; 1430
ean_prop_activities_wait; 1532
ean_prop_change_od_max; 7500
ean_prop_change_od_min; 3300
ean_prop_events; 3216
ean_prop_events_arrival; 1608
ean_prop_events_departure; 1608
ean_prop_headways_dep; true
ean_prop_headways_interstation; false
ean_time_average; 283.59044
lc_average_distance; 4753.43
lc_average_edges; 20.77
lc_average_length; 10.38
lc_cost; 1920.1
lc_feasible; true
lc_min_distance; 2000
lc_min_edges; 12
lc_min_length; 6
lc_obj_direct_travellers_sp; 150
lc_obj_game; 2712
lc_prop_directed_lines; 52
lc_prop_freq_max; 3
lc_time_average; 631.35
lc_var_distance; 3097195.23
lc_var_edges; 56.64
lc_var_length; 14.16
tim_feasible; true
tim_number_of_transfers; 1383
tim_obj_ptt1; 4881671
tim_obj_slack_average; 1086
tim_obj_slack_change_average; 1207.83
tim_obj_slack_drive_average; 1.66
tim_obj_slack_headway_average; 0
tim_obj_slack_wait_average; 9.15
tim_perceived_time_average; 1764.62
tim_prop_changes_od_max; 3779
tim_prop_changes_od_min; 180
tim_time_average; 1434.78
vs_average_waiting_time; 182.69167
vs_circulations; 254
vs_cost; 33686.20139
vs_empty_cost; 25552.24306
vs_empty_distance; 0
vs_empty_distance_with_depot; 0
vs_empty_duration_driving; 0
vs_empty_duration_standing; 365.38333
vs_empty_duration_with_depot; 365.38333
vs_empty_trips; 0
vs_empty_trips_depot; 0
vs_feasible; true
vs_full_distance; 2632
vs_full_duration; 10046.3
vs_maximal_waiting_time; 183
vs_minimal_waiting_time; 182.38333
vs_vehicles; 254
